08:47:27|[90m2044897088[0m [36mDEBUG[0m [90mdiscord-ratelimit.c:69:[0m [DISCORD_RATELIMIT] [?] Attempt to find matching bucket for route '/users/@me'
08:47:27|[90m2044897088[0m [36mDEBUG[0m [90mdiscord-ratelimit.c:78:[0m [DISCORD_RATELIMIT] [?] Couldn't match bucket to route '/users/@me', will attempt to create a new one
08:47:27|[90m2044897088[0m [36mDEBUG[0m [90mdiscord-ratelimit.c:156:[0m [DISCORD_RATELIMIT] [?] Missing bucket-hash from response header, route '/users/@me' can't be assigned to a bucket
08:47:27|[90m2044897088[0m [36mDEBUG[0m [90mdiscord-ratelimit.c:69:[0m [DISCORD_RATELIMIT] [?] Attempt to find matching bucket for route '/users/@me'
08:47:27|[90m2044897088[0m [36mDEBUG[0m [90mdiscord-ratelimit.c:78:[0m [DISCORD_RATELIMIT] [?] Couldn't match bucket to route '/users/@me', will attempt to create a new one
08:47:28|[90m2044897088[0m [36mDEBUG[0m [90mdiscord-ratelimit.c:156:[0m [DISCORD_RATELIMIT] [?] Missing bucket-hash from response header, route '/users/@me' can't be assigned to a bucket
08:47:28|[90m2044897088[0m [36mDEBUG[0m [90mdiscord-ratelimit.c:69:[0m [DISCORD_RATELIMIT] [?] Attempt to find matching bucket for route '/gateway/bot'
08:47:28|[90m2044897088[0m [36mDEBUG[0m [90mdiscord-ratelimit.c:78:[0m [DISCORD_RATELIMIT] [?] Couldn't match bucket to route '/gateway/bot', will attempt to create a new one
08:47:28|[90m2044897088[0m [36mDEBUG[0m [90mdiscord-ratelimit.c:175:[0m [DISCORD_RATELIMIT] [41f9] Assign new route '/gateway/bot' to bucket
08:47:28|[90m2044897088[0m [32mINFO [0m [90mdiscord-ratelimit.c:135:[0m [DISCORD_RATELIMIT] [41f9] Reset = 1637243265768 ; Remaining = 1
08:47:29|[90m2044897088[0m [32mINFO [0m [90mdiscord-gateway.c:1030:[0m [DISCORD_GATEWAY] Connected, WS-Protocols: ''
08:47:29|[90m2044897088[0m [94mTRACE[0m [90mdiscord-gateway.c:1118:[0m [DISCORD_GATEWAY] [93mRCV[0m HELLO (118 bytes) [@@@_8_@@@]
08:47:29|[90m2044897088[0m [32mINFO [0m [90mdiscord-gateway.c:127:[0m [DISCORD_GATEWAY] [92mSEND[0m IDENTIFY (306 bytes) [@@@_9_@@@]
08:47:29|[90m2044897088[0m [94mTRACE[0m [90mdiscord-gateway.c:1118:[0m [DISCORD_GATEWAY] [93mRCV[0m DISPATCH -> READY (1013 bytes) [@@@_10_@@@]
08:47:29|[90m2044897088[0m [32mINFO [0m [90mdiscord-gateway.c:751:[0m [DISCORD_GATEWAY] Succesfully started a Discord session!
08:47:29|[90m2044897088[0m [32mINFO [0m [90mdiscord-gateway.c:150:[0m [DISCORD_GATEWAY] [92mSEND[0m HEARTBEAT (14 bytes) [@@@_11_@@@]
08:47:30|[90m2044897088[0m [94mTRACE[0m [90mdiscord-gateway.c:1118:[0m [DISCORD_GATEWAY] [93mRCV[0m HEARTBEAT_ACK (36 bytes) [@@@_12_@@@]
08:47:30|[90m2044897088[0m [94mTRACE[0m [90mdiscord-gateway.c:1020:[0m [DISCORD_GATEWAY] PING: 512 ms
08:47:36|[90m2044897088[0m [94mTRACE[0m [90mdiscord-gateway.c:1118:[0m [DISCORD_GATEWAY] [93mRCV[0m DISPATCH -> GUILD_MEMBER_UPDATE (301 bytes) [@@@_13_@@@]
08:47:43|[90m2044897088[0m [94mTRACE[0m [90mdiscord-gateway.c:1118:[0m [DISCORD_GATEWAY] [93mRCV[0m DISPATCH -> MESSAGE_CREATE (700 bytes) [@@@_14_@@@]
08:47:43|[90m2044897088[0m [36mDEBUG[0m [90mdiscord-ratelimit.c:69:[0m [DISCORD_RATELIMIT] [?] Attempt to find matching bucket for route '@channel'
08:47:43|[90m2044897088[0m [36mDEBUG[0m [90mdiscord-ratelimit.c:78:[0m [DISCORD_RATELIMIT] [?] Couldn't match bucket to route '@channel', will attempt to create a new one
08:47:44|[90m2044897088[0m [36mDEBUG[0m [90mdiscord-ratelimit.c:175:[0m [DISCORD_RATELIMIT] [a06d] Assign new route '@channel' to bucket
08:47:44|[90m2044897088[0m [32mINFO [0m [90mdiscord-ratelimit.c:135:[0m [DISCORD_RATELIMIT] [a06d] Reset = 1637243280928 ; Remaining = 4
08:47:44|[90m2044897088[0m [94mTRACE[0m [90mdiscord-gateway.c:1118:[0m [DISCORD_GATEWAY] [93mRCV[0m DISPATCH -> MESSAGE_CREATE (679 bytes) [@@@_17_@@@]
08:47:44|[90m2044897088[0m [94mTRACE[0m [90mdiscord-gateway.c:1118:[0m [DISCORD_GATEWAY] [93mRCV[0m DISPATCH -> MESSAGE_UPDATE (728 bytes) [@@@_18_@@@]
08:47:44|[90m2044897088[0m [94mTRACE[0m [90mdiscord-gateway.c:1118:[0m [DISCORD_GATEWAY] [93mRCV[0m DISPATCH -> MESSAGE_CREATE (1361 bytes) [@@@_19_@@@]
08:47:51|[90m2044897088[0m [94mTRACE[0m [90mdiscord-gateway.c:1118:[0m [DISCORD_GATEWAY] [93mRCV[0m DISPATCH -> MESSAGE_CREATE (700 bytes) [@@@_20_@@@]
08:47:57|[90m2044897088[0m [94mTRACE[0m [90mdiscord-gateway.c:1118:[0m [DISCORD_GATEWAY] [93mRCV[0m DISPATCH -> VOICE_STATE_UPDATE (576 bytes) [@@@_22_@@@]
08:48:10|[90m2044897088[0m [32mINFO [0m [90mdiscord-gateway.c:150:[0m [DISCORD_GATEWAY] [92mSEND[0m HEARTBEAT (14 bytes) [@@@_23_@@@]
08:48:11|[90m2044897088[0m [94mTRACE[0m [90mdiscord-gateway.c:1118:[0m [DISCORD_GATEWAY] [93mRCV[0m HEARTBEAT_ACK (36 bytes) [@@@_24_@@@]
08:48:11|[90m2044897088[0m [94mTRACE[0m [90mdiscord-gateway.c:1020:[0m [DISCORD_GATEWAY] PING: 322 ms
08:48:52|[90m2044897088[0m [32mINFO [0m [90mdiscord-gateway.c:150:[0m [DISCORD_GATEWAY] [92mSEND[0m HEARTBEAT (14 bytes) [@@@_25_@@@]
08:48:52|[90m2044897088[0m [94mTRACE[0m [90mdiscord-gateway.c:1118:[0m [DISCORD_GATEWAY] [93mRCV[0m HEARTBEAT_ACK (36 bytes) [@@@_26_@@@]
08:48:52|[90m2044897088[0m [94mTRACE[0m [90mdiscord-gateway.c:1020:[0m [DISCORD_GATEWAY] PING: 310 ms
08:49:05|[90m2044897088[0m [94mTRACE[0m [90mdiscord-gateway.c:1118:[0m [DISCORD_GATEWAY] [93mRCV[0m DISPATCH -> MESSAGE_CREATE (1764 bytes) [@@@_27_@@@]
08:49:05|[90m2044897088[0m [32mINFO [0m [90mdiscord-voice-connections.c:418:[0m [DISCORD_VOICE] [92mSEND[0m VOICE_STATE_UPDATE (99 bytes): leave channel
08:49:33|[90m0957675328[0m [36mDEBUG[0m [90mdiscord-ratelimit.c:69:[0m [DISCORD_RATELIMIT] [?] Attempt to find matching bucket for route '/users/@me'
08:49:33|[90m0957675328[0m [36mDEBUG[0m [90mdiscord-ratelimit.c:78:[0m [DISCORD_RATELIMIT] [?] Couldn't match bucket to route '/users/@me', will attempt to create a new one
08:49:34|[90m0957675328[0m [36mDEBUG[0m [90mdiscord-ratelimit.c:156:[0m [DISCORD_RATELIMIT] [?] Missing bucket-hash from response header, route '/users/@me' can't be assigned to a bucket
08:49:34|[90m0957675328[0m [36mDEBUG[0m [90mdiscord-ratelimit.c:69:[0m [DISCORD_RATELIMIT] [?] Attempt to find matching bucket for route '/users/@me'
08:49:34|[90m0957675328[0m [36mDEBUG[0m [90mdiscord-ratelimit.c:78:[0m [DISCORD_RATELIMIT] [?] Couldn't match bucket to route '/users/@me', will attempt to create a new one
08:49:34|[90m0957675328[0m [36mDEBUG[0m [90mdiscord-ratelimit.c:156:[0m [DISCORD_RATELIMIT] [?] Missing bucket-hash from response header, route '/users/@me' can't be assigned to a bucket
08:49:34|[90m0957675328[0m [36mDEBUG[0m [90mdiscord-ratelimit.c:69:[0m [DISCORD_RATELIMIT] [?] Attempt to find matching bucket for route '/gateway/bot'
08:49:34|[90m0957675328[0m [36mDEBUG[0m [90mdiscord-ratelimit.c:78:[0m [DISCORD_RATELIMIT] [?] Couldn't match bucket to route '/gateway/bot', will attempt to create a new one
08:49:34|[90m0957675328[0m [36mDEBUG[0m [90mdiscord-ratelimit.c:175:[0m [DISCORD_RATELIMIT] [41f9] Assign new route '/gateway/bot' to bucket
08:49:34|[90m0957675328[0m [32mINFO [0m [90mdiscord-ratelimit.c:135:[0m [DISCORD_RATELIMIT] [41f9] Reset = 1637243391827 ; Remaining = 1
08:49:35|[90m0957675328[0m [32mINFO [0m [90mdiscord-gateway.c:1030:[0m [DISCORD_GATEWAY] Connected, WS-Protocols: ''
08:49:35|[90m0957675328[0m [94mTRACE[0m [90mdiscord-gateway.c:1118:[0m [DISCORD_GATEWAY] [93mRCV[0m HELLO (118 bytes) [@@@_9_@@@]
08:49:35|[90m0957675328[0m [32mINFO [0m [90mdiscord-gateway.c:127:[0m [DISCORD_GATEWAY] [92mSEND[0m IDENTIFY (306 bytes) [@@@_10_@@@]
08:49:35|[90m0957675328[0m [94mTRACE[0m [90mdiscord-gateway.c:1118:[0m [DISCORD_GATEWAY] [93mRCV[0m DISPATCH -> READY (1014 bytes) [@@@_11_@@@]
08:49:35|[90m0957675328[0m [32mINFO [0m [90mdiscord-gateway.c:751:[0m [DISCORD_GATEWAY] Succesfully started a Discord session!
08:49:35|[90m0957675328[0m [32mINFO [0m [90mdiscord-gateway.c:150:[0m [DISCORD_GATEWAY] [92mSEND[0m HEARTBEAT (14 bytes) [@@@_12_@@@]
08:49:35|[90m0957675328[0m [94mTRACE[0m [90mdiscord-gateway.c:1118:[0m [DISCORD_GATEWAY] [93mRCV[0m DISPATCH -> GUILD_MEMBER_UPDATE (284 bytes) [@@@_13_@@@]
08:49:36|[90m0957675328[0m [94mTRACE[0m [90mdiscord-gateway.c:1118:[0m [DISCORD_GATEWAY] [93mRCV[0m HEARTBEAT_ACK (36 bytes) [@@@_14_@@@]
08:49:36|[90m0957675328[0m [94mTRACE[0m [90mdiscord-gateway.c:1020:[0m [DISCORD_GATEWAY] PING: 408 ms
08:50:16|[90m0957675328[0m [32mINFO [0m [90mdiscord-gateway.c:150:[0m [DISCORD_GATEWAY] [92mSEND[0m HEARTBEAT (14 bytes) [@@@_15_@@@]
08:50:17|[90m0957675328[0m [94mTRACE[0m [90mdiscord-gateway.c:1118:[0m [DISCORD_GATEWAY] [93mRCV[0m HEARTBEAT_ACK (36 bytes) [@@@_16_@@@]
08:50:17|[90m0957675328[0m [94mTRACE[0m [90mdiscord-gateway.c:1020:[0m [DISCORD_GATEWAY] PING: 328 ms
08:50:58|[90m0957675328[0m [32mINFO [0m [90mdiscord-gateway.c:150:[0m [DISCORD_GATEWAY] [92mSEND[0m HEARTBEAT (14 bytes) [@@@_17_@@@]
08:50:58|[90m0957675328[0m [94mTRACE[0m [90mdiscord-gateway.c:1118:[0m [DISCORD_GATEWAY] [93mRCV[0m HEARTBEAT_ACK (36 bytes) [@@@_18_@@@]
08:50:58|[90m0957675328[0m [94mTRACE[0m [90mdiscord-gateway.c:1020:[0m [DISCORD_GATEWAY] PING: 330 ms
08:51:39|[90m0957675328[0m [32mINFO [0m [90mdiscord-gateway.c:150:[0m [DISCORD_GATEWAY] [92mSEND[0m HEARTBEAT (14 bytes) [@@@_19_@@@]
08:51:39|[90m0957675328[0m [94mTRACE[0m [90mdiscord-gateway.c:1118:[0m [DISCORD_GATEWAY] [93mRCV[0m HEARTBEAT_ACK (36 bytes) [@@@_20_@@@]
08:51:39|[90m0957675328[0m [94mTRACE[0m [90mdiscord-gateway.c:1020:[0m [DISCORD_GATEWAY] PING: 344 ms
08:52:20|[90m0957675328[0m [32mINFO [0m [90mdiscord-gateway.c:150:[0m [DISCORD_GATEWAY] [92mSEND[0m HEARTBEAT (14 bytes) [@@@_21_@@@]
08:52:20|[90m0957675328[0m [94mTRACE[0m [90mdiscord-gateway.c:1118:[0m [DISCORD_GATEWAY] [93mRCV[0m HEARTBEAT_ACK (36 bytes) [@@@_22_@@@]
08:52:20|[90m0957675328[0m [94mTRACE[0m [90mdiscord-gateway.c:1020:[0m [DISCORD_GATEWAY] PING: 301 ms
08:53:01|[90m0957675328[0m [32mINFO [0m [90mdiscord-gateway.c:150:[0m [DISCORD_GATEWAY] [92mSEND[0m HEARTBEAT (14 bytes) [@@@_23_@@@]
08:53:02|[90m0957675328[0m [94mTRACE[0m [90mdiscord-gateway.c:1118:[0m [DISCORD_GATEWAY] [93mRCV[0m HEARTBEAT_ACK (36 bytes) [@@@_24_@@@]
08:53:02|[90m0957675328[0m [94mTRACE[0m [90mdiscord-gateway.c:1020:[0m [DISCORD_GATEWAY] PING: 366 ms
08:53:43|[90m0957675328[0m [32mINFO [0m [90mdiscord-gateway.c:150:[0m [DISCORD_GATEWAY] [92mSEND[0m HEARTBEAT (14 bytes) [@@@_25_@@@]
08:53:43|[90m0957675328[0m [94mTRACE[0m [90mdiscord-gateway.c:1118:[0m [DISCORD_GATEWAY] [93mRCV[0m HEARTBEAT_ACK (36 bytes) [@@@_26_@@@]
08:53:43|[90m0957675328[0m [94mTRACE[0m [90mdiscord-gateway.c:1020:[0m [DISCORD_GATEWAY] PING: 386 ms
08:54:24|[90m0957675328[0m [32mINFO [0m [90mdiscord-gateway.c:150:[0m [DISCORD_GATEWAY] [92mSEND[0m HEARTBEAT (14 bytes) [@@@_27_@@@]
08:54:24|[90m0957675328[0m [94mTRACE[0m [90mdiscord-gateway.c:1118:[0m [DISCORD_GATEWAY] [93mRCV[0m HEARTBEAT_ACK (36 bytes) [@@@_28_@@@]
08:54:24|[90m0957675328[0m [94mTRACE[0m [90mdiscord-gateway.c:1020:[0m [DISCORD_GATEWAY] PING: 301 ms
08:55:05|[90m0957675328[0m [32mINFO [0m [90mdiscord-gateway.c:150:[0m [DISCORD_GATEWAY] [92mSEND[0m HEARTBEAT (14 bytes) [@@@_29_@@@]
08:55:06|[90m0957675328[0m [94mTRACE[0m [90mdiscord-gateway.c:1118:[0m [DISCORD_GATEWAY] [93mRCV[0m HEARTBEAT_ACK (36 bytes) [@@@_30_@@@]
08:55:06|[90m0957675328[0m [94mTRACE[0m [90mdiscord-gateway.c:1020:[0m [DISCORD_GATEWAY] PING: 305 ms
08:55:46|[90m0957675328[0m [32mINFO [0m [90mdiscord-gateway.c:150:[0m [DISCORD_GATEWAY] [92mSEND[0m HEARTBEAT (14 bytes) [@@@_31_@@@]
08:55:47|[90m0957675328[0m [94mTRACE[0m [90mdiscord-gateway.c:1118:[0m [DISCORD_GATEWAY] [93mRCV[0m HEARTBEAT_ACK (36 bytes) [@@@_32_@@@]
08:55:47|[90m0957675328[0m [94mTRACE[0m [90mdiscord-gateway.c:1020:[0m [DISCORD_GATEWAY] PING: 322 ms
08:56:02|[90m3771221824[0m [36mDEBUG[0m [90mdiscord-ratelimit.c:69:[0m [DISCORD_RATELIMIT] [?] Attempt to find matching bucket for route '/users/@me'
08:56:02|[90m3771221824[0m [36mDEBUG[0m [90mdiscord-ratelimit.c:78:[0m [DISCORD_RATELIMIT] [?] Couldn't match bucket to route '/users/@me', will attempt to create a new one
08:56:02|[90m3771221824[0m [36mDEBUG[0m [90mdiscord-ratelimit.c:156:[0m [DISCORD_RATELIMIT] [?] Missing bucket-hash from response header, route '/users/@me' can't be assigned to a bucket
08:56:02|[90m3771221824[0m [36mDEBUG[0m [90mdiscord-ratelimit.c:69:[0m [DISCORD_RATELIMIT] [?] Attempt to find matching bucket for route '/users/@me'
08:56:02|[90m3771221824[0m [36mDEBUG[0m [90mdiscord-ratelimit.c:78:[0m [DISCORD_RATELIMIT] [?] Couldn't match bucket to route '/users/@me', will attempt to create a new one
08:56:03|[90m3771221824[0m [36mDEBUG[0m [90mdiscord-ratelimit.c:156:[0m [DISCORD_RATELIMIT] [?] Missing bucket-hash from response header, route '/users/@me' can't be assigned to a bucket
08:56:03|[90m3771221824[0m [36mDEBUG[0m [90mdiscord-ratelimit.c:69:[0m [DISCORD_RATELIMIT] [?] Attempt to find matching bucket for route '/gateway/bot'
08:56:03|[90m3771221824[0m [36mDEBUG[0m [90mdiscord-ratelimit.c:78:[0m [DISCORD_RATELIMIT] [?] Couldn't match bucket to route '/gateway/bot', will attempt to create a new one
08:56:03|[90m3771221824[0m [36mDEBUG[0m [90mdiscord-ratelimit.c:175:[0m [DISCORD_RATELIMIT] [41f9] Assign new route '/gateway/bot' to bucket
08:56:03|[90m3771221824[0m [32mINFO [0m [90mdiscord-ratelimit.c:135:[0m [DISCORD_RATELIMIT] [41f9] Reset = 1637243780639 ; Remaining = 1
08:56:04|[90m3771221824[0m [32mINFO [0m [90mdiscord-gateway.c:1030:[0m [DISCORD_GATEWAY] Connected, WS-Protocols: ''
08:56:04|[90m3771221824[0m [94mTRACE[0m [90mdiscord-gateway.c:1118:[0m [DISCORD_GATEWAY] [93mRCV[0m HELLO (118 bytes) [@@@_9_@@@]
08:56:04|[90m3771221824[0m [32mINFO [0m [90mdiscord-gateway.c:127:[0m [DISCORD_GATEWAY] [92mSEND[0m IDENTIFY (306 bytes) [@@@_10_@@@]
08:56:04|[90m3771221824[0m [94mTRACE[0m [90mdiscord-gateway.c:1118:[0m [DISCORD_GATEWAY] [93mRCV[0m DISPATCH -> READY (1018 bytes) [@@@_11_@@@]
08:56:04|[90m3771221824[0m [32mINFO [0m [90mdiscord-gateway.c:751:[0m [DISCORD_GATEWAY] Succesfully started a Discord session!
08:56:04|[90m3771221824[0m [32mINFO [0m [90mdiscord-gateway.c:150:[0m [DISCORD_GATEWAY] [92mSEND[0m HEARTBEAT (14 bytes) [@@@_12_@@@]
08:56:04|[90m3771221824[0m [94mTRACE[0m [90mdiscord-gateway.c:1118:[0m [DISCORD_GATEWAY] [93mRCV[0m HEARTBEAT_ACK (36 bytes) [@@@_13_@@@]
08:56:04|[90m3771221824[0m [94mTRACE[0m [90mdiscord-gateway.c:1020:[0m [DISCORD_GATEWAY] PING: 410 ms
08:56:45|[90m3771221824[0m [32mINFO [0m [90mdiscord-gateway.c:150:[0m [DISCORD_GATEWAY] [92mSEND[0m HEARTBEAT (14 bytes) [@@@_14_@@@]
08:56:46|[90m3771221824[0m [94mTRACE[0m [90mdiscord-gateway.c:1118:[0m [DISCORD_GATEWAY] [93mRCV[0m HEARTBEAT_ACK (36 bytes) [@@@_15_@@@]
08:56:46|[90m3771221824[0m [94mTRACE[0m [90mdiscord-gateway.c:1020:[0m [DISCORD_GATEWAY] PING: 323 ms
08:57:26|[90m3771221824[0m [32mINFO [0m [90mdiscord-gateway.c:150:[0m [DISCORD_GATEWAY] [92mSEND[0m HEARTBEAT (14 bytes) [@@@_16_@@@]
08:57:27|[90m3771221824[0m [94mTRACE[0m [90mdiscord-gateway.c:1118:[0m [DISCORD_GATEWAY] [93mRCV[0m HEARTBEAT_ACK (36 bytes) [@@@_17_@@@]
08:57:27|[90m3771221824[0m [94mTRACE[0m [90mdiscord-gateway.c:1020:[0m [DISCORD_GATEWAY] PING: 301 ms
08:58:08|[90m3771221824[0m [32mINFO [0m [90mdiscord-gateway.c:150:[0m [DISCORD_GATEWAY] [92mSEND[0m HEARTBEAT (14 bytes) [@@@_18_@@@]
08:58:08|[90m3771221824[0m [94mTRACE[0m [90mdiscord-gateway.c:1118:[0m [DISCORD_GATEWAY] [93mRCV[0m HEARTBEAT_ACK (36 bytes) [@@@_19_@@@]
08:58:08|[90m3771221824[0m [94mTRACE[0m [90mdiscord-gateway.c:1020:[0m [DISCORD_GATEWAY] PING: 350 ms
08:58:49|[90m3771221824[0m [32mINFO [0m [90mdiscord-gateway.c:150:[0m [DISCORD_GATEWAY] [92mSEND[0m HEARTBEAT (14 bytes) [@@@_20_@@@]
08:58:49|[90m3771221824[0m [94mTRACE[0m [90mdiscord-gateway.c:1118:[0m [DISCORD_GATEWAY] [93mRCV[0m HEARTBEAT_ACK (36 bytes) [@@@_21_@@@]
08:58:49|[90m3771221824[0m [94mTRACE[0m [90mdiscord-gateway.c:1020:[0m [DISCORD_GATEWAY] PING: 362 ms
08:59:30|[90m3771221824[0m [32mINFO [0m [90mdiscord-gateway.c:150:[0m [DISCORD_GATEWAY] [92mSEND[0m HEARTBEAT (14 bytes) [@@@_22_@@@]
08:59:31|[90m3771221824[0m [94mTRACE[0m [90mdiscord-gateway.c:1118:[0m [DISCORD_GATEWAY] [93mRCV[0m HEARTBEAT_ACK (36 bytes) [@@@_23_@@@]
08:59:31|[90m3771221824[0m [94mTRACE[0m [90mdiscord-gateway.c:1020:[0m [DISCORD_GATEWAY] PING: 378 ms
09:07:34|[90m2588301120[0m [36mDEBUG[0m [90mdiscord-ratelimit.c:69:[0m [DISCORD_RATELIMIT] [?] Attempt to find matching bucket for route '/users/@me'
09:07:34|[90m2588301120[0m [36mDEBUG[0m [90mdiscord-ratelimit.c:78:[0m [DISCORD_RATELIMIT] [?] Couldn't match bucket to route '/users/@me', will attempt to create a new one
09:07:35|[90m2588301120[0m [36mDEBUG[0m [90mdiscord-ratelimit.c:156:[0m [DISCORD_RATELIMIT] [?] Missing bucket-hash from response header, route '/users/@me' can't be assigned to a bucket
09:07:35|[90m2588301120[0m [36mDEBUG[0m [90mdiscord-ratelimit.c:69:[0m [DISCORD_RATELIMIT] [?] Attempt to find matching bucket for route '/users/@me'
09:07:35|[90m2588301120[0m [36mDEBUG[0m [90mdiscord-ratelimit.c:78:[0m [DISCORD_RATELIMIT] [?] Couldn't match bucket to route '/users/@me', will attempt to create a new one
09:07:35|[90m2588301120[0m [36mDEBUG[0m [90mdiscord-ratelimit.c:156:[0m [DISCORD_RATELIMIT] [?] Missing bucket-hash from response header, route '/users/@me' can't be assigned to a bucket
09:07:35|[90m2588301120[0m [36mDEBUG[0m [90mdiscord-ratelimit.c:69:[0m [DISCORD_RATELIMIT] [?] Attempt to find matching bucket for route '/gateway/bot'
09:07:35|[90m2588301120[0m [36mDEBUG[0m [90mdiscord-ratelimit.c:78:[0m [DISCORD_RATELIMIT] [?] Couldn't match bucket to route '/gateway/bot', will attempt to create a new one
09:07:36|[90m2588301120[0m [36mDEBUG[0m [90mdiscord-ratelimit.c:175:[0m [DISCORD_RATELIMIT] [41f9] Assign new route '/gateway/bot' to bucket
09:07:36|[90m2588301120[0m [32mINFO [0m [90mdiscord-ratelimit.c:135:[0m [DISCORD_RATELIMIT] [41f9] Reset = 1637244473269 ; Remaining = 1
09:07:36|[90m2588301120[0m [32mINFO [0m [90mdiscord-gateway.c:1030:[0m [DISCORD_GATEWAY] Connected, WS-Protocols: ''
09:07:36|[90m2588301120[0m [94mTRACE[0m [90mdiscord-gateway.c:1118:[0m [DISCORD_GATEWAY] [93mRCV[0m HELLO (118 bytes) [@@@_9_@@@]
09:07:36|[90m2588301120[0m [32mINFO [0m [90mdiscord-gateway.c:127:[0m [DISCORD_GATEWAY] [92mSEND[0m IDENTIFY (306 bytes) [@@@_10_@@@]
09:07:37|[90m2588301120[0m [94mTRACE[0m [90mdiscord-gateway.c:1118:[0m [DISCORD_GATEWAY] [93mRCV[0m DISPATCH -> READY (1013 bytes) [@@@_11_@@@]
09:07:37|[90m2588301120[0m [32mINFO [0m [90mdiscord-gateway.c:751:[0m [DISCORD_GATEWAY] Succesfully started a Discord session!
09:07:37|[90m2588301120[0m [32mINFO [0m [90mdiscord-gateway.c:150:[0m [DISCORD_GATEWAY] [92mSEND[0m HEARTBEAT (14 bytes) [@@@_12_@@@]
09:07:37|[90m2588301120[0m [94mTRACE[0m [90mdiscord-gateway.c:1118:[0m [DISCORD_GATEWAY] [93mRCV[0m HEARTBEAT_ACK (36 bytes) [@@@_13_@@@]
09:07:37|[90m2588301120[0m [94mTRACE[0m [90mdiscord-gateway.c:1020:[0m [DISCORD_GATEWAY] PING: 308 ms
09:23:44|[90m2165413696[0m [36mDEBUG[0m [90mdiscord-ratelimit.c:69:[0m [DISCORD_RATELIMIT] [?] Attempt to find matching bucket for route '/users/@me'
09:23:44|[90m2165413696[0m [36mDEBUG[0m [90mdiscord-ratelimit.c:78:[0m [DISCORD_RATELIMIT] [?] Couldn't match bucket to route '/users/@me', will attempt to create a new one
09:23:46|[90m2165413696[0m [36mDEBUG[0m [90mdiscord-ratelimit.c:156:[0m [DISCORD_RATELIMIT] [?] Missing bucket-hash from response header, route '/users/@me' can't be assigned to a bucket
09:23:46|[90m2165413696[0m [36mDEBUG[0m [90mdiscord-ratelimit.c:69:[0m [DISCORD_RATELIMIT] [?] Attempt to find matching bucket for route '/users/@me'
09:23:46|[90m2165413696[0m [36mDEBUG[0m [90mdiscord-ratelimit.c:78:[0m [DISCORD_RATELIMIT] [?] Couldn't match bucket to route '/users/@me', will attempt to create a new one
09:23:46|[90m2165413696[0m [36mDEBUG[0m [90mdiscord-ratelimit.c:156:[0m [DISCORD_RATELIMIT] [?] Missing bucket-hash from response header, route '/users/@me' can't be assigned to a bucket
09:23:46|[90m2165413696[0m [36mDEBUG[0m [90mdiscord-ratelimit.c:69:[0m [DISCORD_RATELIMIT] [?] Attempt to find matching bucket for route '/gateway/bot'
09:23:46|[90m2165413696[0m [36mDEBUG[0m [90mdiscord-ratelimit.c:78:[0m [DISCORD_RATELIMIT] [?] Couldn't match bucket to route '/gateway/bot', will attempt to create a new one
09:23:47|[90m2165413696[0m [36mDEBUG[0m [90mdiscord-ratelimit.c:175:[0m [DISCORD_RATELIMIT] [41f9] Assign new route '/gateway/bot' to bucket
09:23:47|[90m2165413696[0m [32mINFO [0m [90mdiscord-ratelimit.c:135:[0m [DISCORD_RATELIMIT] [41f9] Reset = 1637245444046 ; Remaining = 1
09:23:47|[90m2165413696[0m [32mINFO [0m [90mdiscord-gateway.c:1030:[0m [DISCORD_GATEWAY] Connected, WS-Protocols: ''
09:23:47|[90m2165413696[0m [94mTRACE[0m [90mdiscord-gateway.c:1118:[0m [DISCORD_GATEWAY] [93mRCV[0m HELLO (118 bytes) [@@@_8_@@@]
09:23:47|[90m2165413696[0m [32mINFO [0m [90mdiscord-gateway.c:127:[0m [DISCORD_GATEWAY] [92mSEND[0m IDENTIFY (306 bytes) [@@@_9_@@@]
09:23:47|[90m2165413696[0m [94mTRACE[0m [90mdiscord-gateway.c:1118:[0m [DISCORD_GATEWAY] [93mRCV[0m DISPATCH -> READY (1014 bytes) [@@@_10_@@@]
09:23:47|[90m2165413696[0m [32mINFO [0m [90mdiscord-gateway.c:751:[0m [DISCORD_GATEWAY] Succesfully started a Discord session!
09:23:47|[90m2165413696[0m [32mINFO [0m [90mdiscord-gateway.c:150:[0m [DISCORD_GATEWAY] [92mSEND[0m HEARTBEAT (14 bytes) [@@@_11_@@@]
09:23:48|[90m2165413696[0m [94mTRACE[0m [90mdiscord-gateway.c:1118:[0m [DISCORD_GATEWAY] [93mRCV[0m HEARTBEAT_ACK (36 bytes) [@@@_12_@@@]
09:23:48|[90m2165413696[0m [94mTRACE[0m [90mdiscord-gateway.c:1020:[0m [DISCORD_GATEWAY] PING: 391 ms
09:23:54|[90m2165413696[0m [94mTRACE[0m [90mdiscord-gateway.c:1118:[0m [DISCORD_GATEWAY] [93mRCV[0m DISPATCH -> VOICE_STATE_UPDATE (576 bytes) [@@@_13_@@@]
09:24:08|[90m2165413696[0m [94mTRACE[0m [90mdiscord-gateway.c:1118:[0m [DISCORD_GATEWAY] [93mRCV[0m DISPATCH -> MESSAGE_CREATE (1764 bytes) [@@@_14_@@@]
09:24:08|[90m2165413696[0m [32mINFO [0m [90mdiscord-voice-connections.c:418:[0m [DISCORD_VOICE] [92mSEND[0m VOICE_STATE_UPDATE (99 bytes): leave channel
09:54:57|[90m0170559296[0m [36mDEBUG[0m [90mdiscord-ratelimit.c:69:[0m [DISCORD_RATELIMIT] [?] Attempt to find matching bucket for route '/users/@me'
09:54:57|[90m0170559296[0m [36mDEBUG[0m [90mdiscord-ratelimit.c:78:[0m [DISCORD_RATELIMIT] [?] Couldn't match bucket to route '/users/@me', will attempt to create a new one
09:54:59|[90m0170559296[0m [36mDEBUG[0m [90mdiscord-ratelimit.c:156:[0m [DISCORD_RATELIMIT] [?] Missing bucket-hash from response header, route '/users/@me' can't be assigned to a bucket
09:54:59|[90m0170559296[0m [36mDEBUG[0m [90mdiscord-ratelimit.c:69:[0m [DISCORD_RATELIMIT] [?] Attempt to find matching bucket for route '/users/@me'
09:54:59|[90m0170559296[0m [36mDEBUG[0m [90mdiscord-ratelimit.c:78:[0m [DISCORD_RATELIMIT] [?] Couldn't match bucket to route '/users/@me', will attempt to create a new one
09:54:59|[90m0170559296[0m [36mDEBUG[0m [90mdiscord-ratelimit.c:156:[0m [DISCORD_RATELIMIT] [?] Missing bucket-hash from response header, route '/users/@me' can't be assigned to a bucket
09:54:59|[90m0170559296[0m [36mDEBUG[0m [90mdiscord-ratelimit.c:69:[0m [DISCORD_RATELIMIT] [?] Attempt to find matching bucket for route '/gateway/bot'
09:54:59|[90m0170559296[0m [36mDEBUG[0m [90mdiscord-ratelimit.c:78:[0m [DISCORD_RATELIMIT] [?] Couldn't match bucket to route '/gateway/bot', will attempt to create a new one
09:55:00|[90m0170559296[0m [36mDEBUG[0m [90mdiscord-ratelimit.c:175:[0m [DISCORD_RATELIMIT] [41f9] Assign new route '/gateway/bot' to bucket
09:55:00|[90m0170559296[0m [32mINFO [0m [90mdiscord-ratelimit.c:135:[0m [DISCORD_RATELIMIT] [41f9] Reset = 1637247317342 ; Remaining = 1
09:55:00|[90m0170559296[0m [32mINFO [0m [90mdiscord-gateway.c:1030:[0m [DISCORD_GATEWAY] Connected, WS-Protocols: ''
09:55:00|[90m0170559296[0m [94mTRACE[0m [90mdiscord-gateway.c:1118:[0m [DISCORD_GATEWAY] [93mRCV[0m HELLO (118 bytes) [@@@_10_@@@]
09:55:00|[90m0170559296[0m [32mINFO [0m [90mdiscord-gateway.c:127:[0m [DISCORD_GATEWAY] [92mSEND[0m IDENTIFY (306 bytes) [@@@_11_@@@]
09:55:01|[90m0170559296[0m [94mTRACE[0m [90mdiscord-gateway.c:1118:[0m [DISCORD_GATEWAY] [93mRCV[0m DISPATCH -> READY (1088 bytes) [@@@_12_@@@]
09:55:01|[90m0170559296[0m [32mINFO [0m [90mdiscord-gateway.c:751:[0m [DISCORD_GATEWAY] Succesfully started a Discord session!
09:55:01|[90m0170559296[0m [32mINFO [0m [90mdiscord-gateway.c:150:[0m [DISCORD_GATEWAY] [92mSEND[0m HEARTBEAT (14 bytes) [@@@_13_@@@]
09:55:01|[90m0170559296[0m [94mTRACE[0m [90mdiscord-gateway.c:1118:[0m [DISCORD_GATEWAY] [93mRCV[0m DISPATCH -> GUILD_MEMBER_UPDATE (431 bytes) [@@@_14_@@@]
09:55:01|[90m0170559296[0m [94mTRACE[0m [90mdiscord-gateway.c:1118:[0m [DISCORD_GATEWAY] [93mRCV[0m DISPATCH -> GUILD_MEMBER_UPDATE (313 bytes) [@@@_15_@@@]
09:55:01|[90m0170559296[0m [94mTRACE[0m [90mdiscord-gateway.c:1118:[0m [DISCORD_GATEWAY] [93mRCV[0m HEARTBEAT_ACK (36 bytes) [@@@_16_@@@]
09:55:01|[90m0170559296[0m [94mTRACE[0m [90mdiscord-gateway.c:1020:[0m [DISCORD_GATEWAY] PING: 301 ms
09:55:28|[90m0170559296[0m [94mTRACE[0m [90mdiscord-gateway.c:1118:[0m [DISCORD_GATEWAY] [93mRCV[0m DISPATCH -> GUILD_MEMBER_UPDATE (422 bytes) [@@@_17_@@@]
09:55:29|[90m0170559296[0m [94mTRACE[0m [90mdiscord-gateway.c:1118:[0m [DISCORD_GATEWAY] [93mRCV[0m DISPATCH -> GUILD_MEMBER_UPDATE (443 bytes) [@@@_18_@@@]
09:55:37|[90m0170559296[0m [94mTRACE[0m [90mdiscord-gateway.c:1118:[0m [DISCORD_GATEWAY] [93mRCV[0m DISPATCH -> MESSAGE_CREATE (925 bytes) [@@@_19_@@@]
09:55:40|[90m0170559296[0m [94mTRACE[0m [90mdiscord-gateway.c:1118:[0m [DISCORD_GATEWAY] [93mRCV[0m DISPATCH -> MESSAGE_CREATE (838 bytes) [@@@_20_@@@]
09:55:40|[90m0170559296[0m [36mDEBUG[0m [90mdiscord-ratelimit.c:69:[0m [DISCORD_RATELIMIT] [?] Attempt to find matching bucket for route '@channel'
09:55:40|[90m0170559296[0m [36mDEBUG[0m [90mdiscord-ratelimit.c:78:[0m [DISCORD_RATELIMIT] [?] Couldn't match bucket to route '@channel', will attempt to create a new one
09:55:41|[90m0170559296[0m [36mDEBUG[0m [90mdiscord-ratelimit.c:175:[0m [DISCORD_RATELIMIT] [a06d] Assign new route '@channel' to bucket
09:55:41|[90m0170559296[0m [32mINFO [0m [90mdiscord-ratelimit.c:135:[0m [DISCORD_RATELIMIT] [a06d] Reset = 1637247358299 ; Remaining = 4
09:55:41|[90m0170559296[0m [94mTRACE[0m [90mdiscord-gateway.c:1118:[0m [DISCORD_GATEWAY] [93mRCV[0m DISPATCH -> MESSAGE_CREATE (757 bytes) [@@@_23_@@@]
09:55:41|[90m0170559296[0m [94mTRACE[0m [90mdiscord-gateway.c:1118:[0m [DISCORD_GATEWAY] [93mRCV[0m DISPATCH -> MESSAGE_UPDATE (807 bytes) [@@@_24_@@@]
09:55:41|[90m0170559296[0m [94mTRACE[0m [90mdiscord-gateway.c:1118:[0m [DISCORD_GATEWAY] [93mRCV[0m DISPATCH -> MESSAGE_CREATE (1566 bytes) [@@@_25_@@@]
09:55:42|[90m0170559296[0m [32mINFO [0m [90mdiscord-gateway.c:150:[0m [DISCORD_GATEWAY] [92mSEND[0m HEARTBEAT (15 bytes) [@@@_26_@@@]
09:55:42|[90m0170559296[0m [94mTRACE[0m [90mdiscord-gateway.c:1118:[0m [DISCORD_GATEWAY] [93mRCV[0m HEARTBEAT_ACK (36 bytes) [@@@_27_@@@]
09:55:42|[90m0170559296[0m [94mTRACE[0m [90mdiscord-gateway.c:1020:[0m [DISCORD_GATEWAY] PING: 412 ms
09:55:45|[90m0170559296[0m [94mTRACE[0m [90mdiscord-gateway.c:1118:[0m [DISCORD_GATEWAY] [93mRCV[0m DISPATCH -> MESSAGE_DELETE (134 bytes) [@@@_28_@@@]
09:55:48|[90m0170559296[0m [94mTRACE[0m [90mdiscord-gateway.c:1118:[0m [DISCORD_GATEWAY] [93mRCV[0m DISPATCH -> MESSAGE_CREATE (842 bytes) [@@@_29_@@@]
09:55:53|[90m0170559296[0m [94mTRACE[0m [90mdiscord-gateway.c:1118:[0m [DISCORD_GATEWAY] [93mRCV[0m DISPATCH -> MESSAGE_CREATE (851 bytes) [@@@_30_@@@]
09:56:02|[90m0170559296[0m [94mTRACE[0m [90mdiscord-gateway.c:1118:[0m [DISCORD_GATEWAY] [93mRCV[0m DISPATCH -> MESSAGE_CREATE (1057 bytes) [@@@_31_@@@]
09:56:10|[90m0170559296[0m [94mTRACE[0m [90mdiscord-gateway.c:1118:[0m [DISCORD_GATEWAY] [93mRCV[0m DISPATCH -> MESSAGE_CREATE (852 bytes) [@@@_32_@@@]
09:56:13|[90m0170559296[0m [94mTRACE[0m [90mdiscord-gateway.c:1118:[0m [DISCORD_GATEWAY] [93mRCV[0m DISPATCH -> MESSAGE_CREATE (837 bytes) [@@@_33_@@@]
09:56:17|[90m0170559296[0m [94mTRACE[0m [90mdiscord-gateway.c:1118:[0m [DISCORD_GATEWAY] [93mRCV[0m DISPATCH -> MESSAGE_CREATE (1429 bytes) [@@@_34_@@@]
09:56:23|[90m0170559296[0m [32mINFO [0m [90mdiscord-gateway.c:150:[0m [DISCORD_GATEWAY] [92mSEND[0m HEARTBEAT (15 bytes) [@@@_35_@@@]
09:56:24|[90m0170559296[0m [94mTRACE[0m [90mdiscord-gateway.c:1118:[0m [DISCORD_GATEWAY] [93mRCV[0m HEARTBEAT_ACK (36 bytes) [@@@_36_@@@]
09:56:24|[90m0170559296[0m [94mTRACE[0m [90mdiscord-gateway.c:1020:[0m [DISCORD_GATEWAY] PING: 324 ms
09:56:27|[90m0170559296[0m [94mTRACE[0m [90mdiscord-gateway.c:1118:[0m [DISCORD_GATEWAY] [93mRCV[0m DISPATCH -> MESSAGE_CREATE (855 bytes) [@@@_37_@@@]
09:56:31|[90m0170559296[0m [94mTRACE[0m [90mdiscord-gateway.c:1118:[0m [DISCORD_GATEWAY] [93mRCV[0m DISPATCH -> MESSAGE_CREATE (2030 bytes) [@@@_38_@@@]
09:56:40|[90m0170559296[0m [94mTRACE[0m [90mdiscord-gateway.c:1118:[0m [DISCORD_GATEWAY] [93mRCV[0m DISPATCH -> MESSAGE_CREATE (2273 bytes) [@@@_39_@@@]
09:56:46|[90m0170559296[0m [94mTRACE[0m [90mdiscord-gateway.c:1118:[0m [DISCORD_GATEWAY] [93mRCV[0m DISPATCH -> MESSAGE_CREATE (972 bytes) [@@@_40_@@@]
09:56:52|[90m0170559296[0m [94mTRACE[0m [90mdiscord-gateway.c:1118:[0m [DISCORD_GATEWAY] [93mRCV[0m DISPATCH -> MESSAGE_CREATE (953 bytes) [@@@_41_@@@]
09:56:56|[90m0170559296[0m [94mTRACE[0m [90mdiscord-gateway.c:1118:[0m [DISCORD_GATEWAY] [93mRCV[0m DISPATCH -> MESSAGE_CREATE (946 bytes) [@@@_42_@@@]
09:56:56|[90m0170559296[0m [94mTRACE[0m [90mdiscord-gateway.c:1118:[0m [DISCORD_GATEWAY] [93mRCV[0m DISPATCH -> MESSAGE_CREATE (1946 bytes) [@@@_43_@@@]
09:57:04|[90m0170559296[0m [32mINFO [0m [90mdiscord-gateway.c:150:[0m [DISCORD_GATEWAY] [92mSEND[0m HEARTBEAT (15 bytes) [@@@_44_@@@]
09:57:05|[90m0170559296[0m [94mTRACE[0m [90mdiscord-gateway.c:1118:[0m [DISCORD_GATEWAY] [93mRCV[0m HEARTBEAT_ACK (36 bytes) [@@@_45_@@@]
09:57:05|[90m0170559296[0m [94mTRACE[0m [90mdiscord-gateway.c:1020:[0m [DISCORD_GATEWAY] PING: 338 ms
09:57:46|[90m0170559296[0m [32mINFO [0m [90mdiscord-gateway.c:150:[0m [DISCORD_GATEWAY] [92mSEND[0m HEARTBEAT (15 bytes) [@@@_46_@@@]
09:57:46|[90m0170559296[0m [94mTRACE[0m [90mdiscord-gateway.c:1118:[0m [DISCORD_GATEWAY] [93mRCV[0m HEARTBEAT_ACK (36 bytes) [@@@_47_@@@]
09:57:46|[90m0170559296[0m [94mTRACE[0m [90mdiscord-gateway.c:1020:[0m [DISCORD_GATEWAY] PING: 350 ms
09:58:10|[90m0170559296[0m [94mTRACE[0m [90mdiscord-gateway.c:1118:[0m [DISCORD_GATEWAY] [93mRCV[0m DISPATCH -> MESSAGE_CREATE (996 bytes) [@@@_48_@@@]
09:58:27|[90m0170559296[0m [32mINFO [0m [90mdiscord-gateway.c:150:[0m [DISCORD_GATEWAY] [92mSEND[0m HEARTBEAT (15 bytes) [@@@_49_@@@]
09:58:27|[90m0170559296[0m [94mTRACE[0m [90mdiscord-gateway.c:1118:[0m [DISCORD_GATEWAY] [93mRCV[0m HEARTBEAT_ACK (36 bytes) [@@@_50_@@@]
09:58:27|[90m0170559296[0m [94mTRACE[0m [90mdiscord-gateway.c:1020:[0m [DISCORD_GATEWAY] PING: 320 ms
09:58:59|[90m1754838848[0m [36mDEBUG[0m [90mdiscord-ratelimit.c:69:[0m [DISCORD_RATELIMIT] [?] Attempt to find matching bucket for route '/users/@me'
09:58:59|[90m1754838848[0m [36mDEBUG[0m [90mdiscord-ratelimit.c:78:[0m [DISCORD_RATELIMIT] [?] Couldn't match bucket to route '/users/@me', will attempt to create a new one
09:59:00|[90m1754838848[0m [36mDEBUG[0m [90mdiscord-ratelimit.c:156:[0m [DISCORD_RATELIMIT] [?] Missing bucket-hash from response header, route '/users/@me' can't be assigned to a bucket
09:59:00|[90m1754838848[0m [36mDEBUG[0m [90mdiscord-ratelimit.c:69:[0m [DISCORD_RATELIMIT] [?] Attempt to find matching bucket for route '/users/@me'
09:59:00|[90m1754838848[0m [36mDEBUG[0m [90mdiscord-ratelimit.c:78:[0m [DISCORD_RATELIMIT] [?] Couldn't match bucket to route '/users/@me', will attempt to create a new one
09:59:00|[90m1754838848[0m [36mDEBUG[0m [90mdiscord-ratelimit.c:156:[0m [DISCORD_RATELIMIT] [?] Missing bucket-hash from response header, route '/users/@me' can't be assigned to a bucket
09:59:00|[90m1754838848[0m [36mDEBUG[0m [90mdiscord-ratelimit.c:69:[0m [DISCORD_RATELIMIT] [?] Attempt to find matching bucket for route '/gateway/bot'
09:59:00|[90m1754838848[0m [36mDEBUG[0m [90mdiscord-ratelimit.c:78:[0m [DISCORD_RATELIMIT] [?] Couldn't match bucket to route '/gateway/bot', will attempt to create a new one
09:59:01|[90m1754838848[0m [36mDEBUG[0m [90mdiscord-ratelimit.c:175:[0m [DISCORD_RATELIMIT] [41f9] Assign new route '/gateway/bot' to bucket
09:59:01|[90m1754838848[0m [32mINFO [0m [90mdiscord-ratelimit.c:135:[0m [DISCORD_RATELIMIT] [41f9] Reset = 1637247558084 ; Remaining = 1
09:59:01|[90m1754838848[0m [32mINFO [0m [90mdiscord-gateway.c:1030:[0m [DISCORD_GATEWAY] Connected, WS-Protocols: ''
09:59:01|[90m1754838848[0m [94mTRACE[0m [90mdiscord-gateway.c:1118:[0m [DISCORD_GATEWAY] [93mRCV[0m HELLO (118 bytes) [@@@_10_@@@]
09:59:01|[90m1754838848[0m [32mINFO [0m [90mdiscord-gateway.c:127:[0m [DISCORD_GATEWAY] [92mSEND[0m IDENTIFY (306 bytes) [@@@_11_@@@]
09:59:01|[90m1754838848[0m [94mTRACE[0m [90mdiscord-gateway.c:1118:[0m [DISCORD_GATEWAY] [93mRCV[0m DISPATCH -> READY (1090 bytes) [@@@_12_@@@]
09:59:01|[90m1754838848[0m [32mINFO [0m [90mdiscord-gateway.c:751:[0m [DISCORD_GATEWAY] Succesfully started a Discord session!
09:59:01|[90m1754838848[0m [32mINFO [0m [90mdiscord-gateway.c:150:[0m [DISCORD_GATEWAY] [92mSEND[0m HEARTBEAT (14 bytes) [@@@_13_@@@]
09:59:02|[90m1754838848[0m [94mTRACE[0m [90mdiscord-gateway.c:1118:[0m [DISCORD_GATEWAY] [93mRCV[0m HEARTBEAT_ACK (36 bytes) [@@@_14_@@@]
09:59:02|[90m1754838848[0m [94mTRACE[0m [90mdiscord-gateway.c:1020:[0m [DISCORD_GATEWAY] PING: 299 ms
09:59:20|[90m1754838848[0m [94mTRACE[0m [90mdiscord-gateway.c:1118:[0m [DISCORD_GATEWAY] [93mRCV[0m DISPATCH -> MESSAGE_CREATE (1991 bytes) [@@@_15_@@@]
09:59:28|[90m1754838848[0m [94mTRACE[0m [90mdiscord-gateway.c:1118:[0m [DISCORD_GATEWAY] [93mRCV[0m DISPATCH -> MESSAGE_CREATE (926 bytes) [@@@_16_@@@]
09:59:31|[90m1754838848[0m [94mTRACE[0m [90mdiscord-gateway.c:1118:[0m [DISCORD_GATEWAY] [93mRCV[0m DISPATCH -> MESSAGE_CREATE (945 bytes) [@@@_17_@@@]
09:59:34|[90m1754838848[0m [94mTRACE[0m [90mdiscord-gateway.c:1118:[0m [DISCORD_GATEWAY] [93mRCV[0m DISPATCH -> MESSAGE_CREATE (836 bytes) [@@@_18_@@@]
09:59:43|[90m1754838848[0m [32mINFO [0m [90mdiscord-gateway.c:150:[0m [DISCORD_GATEWAY] [92mSEND[0m HEARTBEAT (14 bytes) [@@@_19_@@@]
09:59:43|[90m1754838848[0m [94mTRACE[0m [90mdiscord-gateway.c:1118:[0m [DISCORD_GATEWAY] [93mRCV[0m HEARTBEAT_ACK (36 bytes) [@@@_20_@@@]
09:59:43|[90m1754838848[0m [94mTRACE[0m [90mdiscord-gateway.c:1020:[0m [DISCORD_GATEWAY] PING: 362 ms
10:00:24|[90m1754838848[0m [94mTRACE[0m [90mdiscord-gateway.c:1118:[0m [DISCORD_GATEWAY] [93mRCV[0m DISPATCH -> MESSAGE_CREATE (928 bytes) [@@@_21_@@@]
10:00:24|[90m1754838848[0m [32mINFO [0m [90mdiscord-gateway.c:150:[0m [DISCORD_GATEWAY] [92mSEND[0m HEARTBEAT (14 bytes) [@@@_22_@@@]
10:00:24|[90m1754838848[0m [94mTRACE[0m [90mdiscord-gateway.c:1118:[0m [DISCORD_GATEWAY] [93mRCV[0m HEARTBEAT_ACK (36 bytes) [@@@_23_@@@]
10:00:24|[90m1754838848[0m [94mTRACE[0m [90mdiscord-gateway.c:1020:[0m [DISCORD_GATEWAY] PING: 374 ms
10:00:33|[90m1754838848[0m [94mTRACE[0m [90mdiscord-gateway.c:1118:[0m [DISCORD_GATEWAY] [93mRCV[0m DISPATCH -> MESSAGE_CREATE (984 bytes) [@@@_24_@@@]
10:00:44|[90m1754838848[0m [94mTRACE[0m [90mdiscord-gateway.c:1118:[0m [DISCORD_GATEWAY] [93mRCV[0m DISPATCH -> MESSAGE_CREATE (969 bytes) [@@@_25_@@@]
10:00:51|[90m1754838848[0m [94mTRACE[0m [90mdiscord-gateway.c:1118:[0m [DISCORD_GATEWAY] [93mRCV[0m DISPATCH -> MESSAGE_CREATE (852 bytes) [@@@_26_@@@]
10:01:05|[90m1754838848[0m [32mINFO [0m [90mdiscord-gateway.c:150:[0m [DISCORD_GATEWAY] [92mSEND[0m HEARTBEAT (14 bytes) [@@@_27_@@@]
10:01:06|[90m1754838848[0m [94mTRACE[0m [90mdiscord-gateway.c:1118:[0m [DISCORD_GATEWAY] [93mRCV[0m HEARTBEAT_ACK (36 bytes) [@@@_28_@@@]
10:01:06|[90m1754838848[0m [94mTRACE[0m [90mdiscord-gateway.c:1020:[0m [DISCORD_GATEWAY] PING: 389 ms
10:01:16|[90m1754838848[0m [94mTRACE[0m [90mdiscord-gateway.c:1118:[0m [DISCORD_GATEWAY] [93mRCV[0m DISPATCH -> MESSAGE_CREATE (849 bytes) [@@@_29_@@@]
10:01:29|[90m1754838848[0m [94mTRACE[0m [90mdiscord-gateway.c:1118:[0m [DISCORD_GATEWAY] [93mRCV[0m DISPATCH -> MESSAGE_CREATE (965 bytes) [@@@_30_@@@]
10:01:46|[90m1754838848[0m [94mTRACE[0m [90mdiscord-gateway.c:1118:[0m [DISCORD_GATEWAY] [93mRCV[0m DISPATCH -> MESSAGE_CREATE (972 bytes) [@@@_31_@@@]
10:01:46|[90m1754838848[0m [32mINFO [0m [90mdiscord-gateway.c:150:[0m [DISCORD_GATEWAY] [92mSEND[0m HEARTBEAT (15 bytes) [@@@_32_@@@]
10:01:47|[90m1754838848[0m [94mTRACE[0m [90mdiscord-gateway.c:1118:[0m [DISCORD_GATEWAY] [93mRCV[0m HEARTBEAT_ACK (36 bytes) [@@@_33_@@@]
10:01:47|[90m1754838848[0m [94mTRACE[0m [90mdiscord-gateway.c:1020:[0m [DISCORD_GATEWAY] PING: 404 ms
10:01:52|[90m1754838848[0m [94mTRACE[0m [90mdiscord-gateway.c:1118:[0m [DISCORD_GATEWAY] [93mRCV[0m DISPATCH -> MESSAGE_CREATE (849 bytes) [@@@_34_@@@]
10:02:23|[90m1754838848[0m [94mTRACE[0m [90mdiscord-gateway.c:1118:[0m [DISCORD_GATEWAY] [93mRCV[0m DISPATCH -> MESSAGE_CREATE (877 bytes) [@@@_35_@@@]
10:02:28|[90m1754838848[0m [32mINFO [0m [90mdiscord-gateway.c:150:[0m [DISCORD_GATEWAY] [92mSEND[0m HEARTBEAT (15 bytes) [@@@_36_@@@]
10:02:28|[90m1754838848[0m [94mTRACE[0m [90mdiscord-gateway.c:1118:[0m [DISCORD_GATEWAY] [93mRCV[0m HEARTBEAT_ACK (36 bytes) [@@@_37_@@@]
10:02:28|[90m1754838848[0m [94mTRACE[0m [90mdiscord-gateway.c:1020:[0m [DISCORD_GATEWAY] PING: 322 ms
10:02:34|[90m1754838848[0m [94mTRACE[0m [90mdiscord-gateway.c:1118:[0m [DISCORD_GATEWAY] [93mRCV[0m DISPATCH -> MESSAGE_CREATE (859 bytes) [@@@_38_@@@]
10:02:45|[90m1754838848[0m [94mTRACE[0m [90mdiscord-gateway.c:1118:[0m [DISCORD_GATEWAY] [93mRCV[0m DISPATCH -> MESSAGE_CREATE (862 bytes) [@@@_39_@@@]
10:03:09|[90m1754838848[0m [32mINFO [0m [90mdiscord-gateway.c:150:[0m [DISCORD_GATEWAY] [92mSEND[0m HEARTBEAT (15 bytes) [@@@_40_@@@]
10:03:09|[90m1754838848[0m [94mTRACE[0m [90mdiscord-gateway.c:1118:[0m [DISCORD_GATEWAY] [93mRCV[0m HEARTBEAT_ACK (36 bytes) [@@@_41_@@@]
10:03:09|[90m1754838848[0m [94mTRACE[0m [90mdiscord-gateway.c:1020:[0m [DISCORD_GATEWAY] PING: 331 ms
10:03:50|[90m1754838848[0m [32mINFO [0m [90mdiscord-gateway.c:150:[0m [DISCORD_GATEWAY] [92mSEND[0m HEARTBEAT (15 bytes) [@@@_42_@@@]
10:03:50|[90m1754838848[0m [94mTRACE[0m [90mdiscord-gateway.c:1118:[0m [DISCORD_GATEWAY] [93mRCV[0m HEARTBEAT_ACK (36 bytes) [@@@_43_@@@]
10:03:50|[90m1754838848[0m [94mTRACE[0m [90mdiscord-gateway.c:1020:[0m [DISCORD_GATEWAY] PING: 347 ms
10:04:31|[90m1754838848[0m [32mINFO [0m [90mdiscord-gateway.c:150:[0m [DISCORD_GATEWAY] [92mSEND[0m HEARTBEAT (15 bytes) [@@@_44_@@@]
10:04:32|[90m1754838848[0m [94mTRACE[0m [90mdiscord-gateway.c:1118:[0m [DISCORD_GATEWAY] [93mRCV[0m HEARTBEAT_ACK (36 bytes) [@@@_45_@@@]
10:04:32|[90m1754838848[0m [94mTRACE[0m [90mdiscord-gateway.c:1020:[0m [DISCORD_GATEWAY] PING: 360 ms
10:04:48|[90m1754838848[0m [94mTRACE[0m [90mdiscord-gateway.c:1118:[0m [DISCORD_GATEWAY] [93mRCV[0m DISPATCH -> MESSAGE_CREATE (946 bytes) [@@@_46_@@@]
10:04:55|[90m1754838848[0m [94mTRACE[0m [90mdiscord-gateway.c:1118:[0m [DISCORD_GATEWAY] [93mRCV[0m DISPATCH -> MESSAGE_CREATE (949 bytes) [@@@_47_@@@]
10:05:13|[90m1754838848[0m [32mINFO [0m [90mdiscord-gateway.c:150:[0m [DISCORD_GATEWAY] [92mSEND[0m HEARTBEAT (15 bytes) [@@@_48_@@@]
10:05:13|[90m1754838848[0m [94mTRACE[0m [90mdiscord-gateway.c:1118:[0m [DISCORD_GATEWAY] [93mRCV[0m HEARTBEAT_ACK (36 bytes) [@@@_49_@@@]
10:05:13|[90m1754838848[0m [94mTRACE[0m [90mdiscord-gateway.c:1020:[0m [DISCORD_GATEWAY] PING: 307 ms
10:05:15|[90m1754838848[0m [94mTRACE[0m [90mdiscord-gateway.c:1118:[0m [DISCORD_GATEWAY] [93mRCV[0m DISPATCH -> MESSAGE_CREATE (959 bytes) [@@@_50_@@@]
10:05:32|[90m1754838848[0m [94mTRACE[0m [90mdiscord-gateway.c:1118:[0m [DISCORD_GATEWAY] [93mRCV[0m DISPATCH -> MESSAGE_CREATE (971 bytes) [@@@_51_@@@]
10:05:54|[90m1754838848[0m [32mINFO [0m [90mdiscord-gateway.c:150:[0m [DISCORD_GATEWAY] [92mSEND[0m HEARTBEAT (15 bytes) [@@@_52_@@@]
10:05:54|[90m1754838848[0m [94mTRACE[0m [90mdiscord-gateway.c:1118:[0m [DISCORD_GATEWAY] [93mRCV[0m HEARTBEAT_ACK (36 bytes) [@@@_53_@@@]
10:05:54|[90m1754838848[0m [94mTRACE[0m [90mdiscord-gateway.c:1020:[0m [DISCORD_GATEWAY] PING: 384 ms
10:06:35|[90m1754838848[0m [32mINFO [0m [90mdiscord-gateway.c:150:[0m [DISCORD_GATEWAY] [92mSEND[0m HEARTBEAT (15 bytes) [@@@_54_@@@]
10:06:35|[90m1754838848[0m [94mTRACE[0m [90mdiscord-gateway.c:1118:[0m [DISCORD_GATEWAY] [93mRCV[0m HEARTBEAT_ACK (36 bytes) [@@@_55_@@@]
10:06:35|[90m1754838848[0m [94mTRACE[0m [90mdiscord-gateway.c:1020:[0m [DISCORD_GATEWAY] PING: 343 ms
10:07:17|[90m1754838848[0m [32mINFO [0m [90mdiscord-gateway.c:150:[0m [DISCORD_GATEWAY] [92mSEND[0m HEARTBEAT (15 bytes) [@@@_56_@@@]
10:07:17|[90m1754838848[0m [94mTRACE[0m [90mdiscord-gateway.c:1118:[0m [DISCORD_GATEWAY] [93mRCV[0m HEARTBEAT_ACK (36 bytes) [@@@_57_@@@]
10:07:17|[90m1754838848[0m [94mTRACE[0m [90mdiscord-gateway.c:1020:[0m [DISCORD_GATEWAY] PING: 1027 ms
10:07:18|[90m1754838848[0m [94mTRACE[0m [90mdiscord-gateway.c:1118:[0m [DISCORD_GATEWAY] [93mRCV[0m DISPATCH -> MESSAGE_CREATE (1972 bytes) [@@@_58_@@@]
10:07:26|[90m1754838848[0m [94mTRACE[0m [90mdiscord-gateway.c:1118:[0m [DISCORD_GATEWAY] [93mRCV[0m DISPATCH -> MESSAGE_CREATE (1909 bytes) [@@@_59_@@@]
10:07:41|[90m1754838848[0m [94mTRACE[0m [90mdiscord-gateway.c:1118:[0m [DISCORD_GATEWAY] [93mRCV[0m DISPATCH -> MESSAGE_CREATE (1931 bytes) [@@@_60_@@@]
10:07:51|[90m1754838848[0m [94mTRACE[0m [90mdiscord-gateway.c:1118:[0m [DISCORD_GATEWAY] [93mRCV[0m DISPATCH -> MESSAGE_CREATE (863 bytes) [@@@_61_@@@]
10:07:58|[90m1754838848[0m [32mINFO [0m [90mdiscord-gateway.c:150:[0m [DISCORD_GATEWAY] [92mSEND[0m HEARTBEAT (15 bytes) [@@@_62_@@@]
10:07:58|[90m1754838848[0m [94mTRACE[0m [90mdiscord-gateway.c:1118:[0m [DISCORD_GATEWAY] [93mRCV[0m HEARTBEAT_ACK (36 bytes) [@@@_63_@@@]
10:07:58|[90m1754838848[0m [94mTRACE[0m [90mdiscord-gateway.c:1020:[0m [DISCORD_GATEWAY] PING: 362 ms
10:08:02|[90m1754838848[0m [94mTRACE[0m [90mdiscord-gateway.c:1118:[0m [DISCORD_GATEWAY] [93mRCV[0m DISPATCH -> MESSAGE_CREATE (865 bytes) [@@@_64_@@@]
10:08:16|[90m1754838848[0m [94mTRACE[0m [90mdiscord-gateway.c:1118:[0m [DISCORD_GATEWAY] [93mRCV[0m DISPATCH -> MESSAGE_CREATE (965 bytes) [@@@_65_@@@]
10:08:21|[90m1754838848[0m [94mTRACE[0m [90mdiscord-gateway.c:1118:[0m [DISCORD_GATEWAY] [93mRCV[0m DISPATCH -> MESSAGE_CREATE (953 bytes) [@@@_66_@@@]
10:08:35|[90m1754838848[0m [94mTRACE[0m [90mdiscord-gateway.c:1118:[0m [DISCORD_GATEWAY] [93mRCV[0m DISPATCH -> MESSAGE_CREATE (862 bytes) [@@@_67_@@@]
10:08:39|[90m1754838848[0m [32mINFO [0m [90mdiscord-gateway.c:150:[0m [DISCORD_GATEWAY] [92mSEND[0m HEARTBEAT (15 bytes) [@@@_68_@@@]
10:08:39|[90m1754838848[0m [94mTRACE[0m [90mdiscord-gateway.c:1118:[0m [DISCORD_GATEWAY] [93mRCV[0m HEARTBEAT_ACK (36 bytes) [@@@_69_@@@]
10:08:39|[90m1754838848[0m [94mTRACE[0m [90mdiscord-gateway.c:1020:[0m [DISCORD_GATEWAY] PING: 437 ms
10:08:47|[90m1754838848[0m [94mTRACE[0m [90mdiscord-gateway.c:1118:[0m [DISCORD_GATEWAY] [93mRCV[0m DISPATCH -> MESSAGE_CREATE (1927 bytes) [@@@_70_@@@]
10:09:21|[90m1754838848[0m [94mTRACE[0m [90mdiscord-gateway.c:1118:[0m [DISCORD_GATEWAY] [93mRCV[0m DISPATCH -> MESSAGE_CREATE (975 bytes) [@@@_71_@@@]
10:09:21|[90m1754838848[0m [32mINFO [0m [90mdiscord-gateway.c:150:[0m [DISCORD_GATEWAY] [92mSEND[0m HEARTBEAT (15 bytes) [@@@_72_@@@]
10:09:21|[90m1754838848[0m [94mTRACE[0m [90mdiscord-gateway.c:1118:[0m [DISCORD_GATEWAY] [93mRCV[0m HEARTBEAT_ACK (36 bytes) [@@@_73_@@@]
10:09:21|[90m1754838848[0m [94mTRACE[0m [90mdiscord-gateway.c:1020:[0m [DISCORD_GATEWAY] PING: 331 ms
10:10:02|[90m1754838848[0m [32mINFO [0m [90mdiscord-gateway.c:150:[0m [DISCORD_GATEWAY] [92mSEND[0m HEARTBEAT (15 bytes) [@@@_74_@@@]
10:10:03|[90m1754838848[0m [94mTRACE[0m [90mdiscord-gateway.c:1118:[0m [DISCORD_GATEWAY] [93mRCV[0m HEARTBEAT_ACK (36 bytes) [@@@_75_@@@]
10:10:03|[90m1754838848[0m [94mTRACE[0m [90mdiscord-gateway.c:1020:[0m [DISCORD_GATEWAY] PING: 442 ms
10:10:43|[90m1754838848[0m [32mINFO [0m [90mdiscord-gateway.c:150:[0m [DISCORD_GATEWAY] [92mSEND[0m HEARTBEAT (15 bytes) [@@@_76_@@@]
10:10:44|[90m1754838848[0m [94mTRACE[0m [90mdiscord-gateway.c:1118:[0m [DISCORD_GATEWAY] [93mRCV[0m HEARTBEAT_ACK (36 bytes) [@@@_77_@@@]
10:10:44|[90m1754838848[0m [94mTRACE[0m [90mdiscord-gateway.c:1020:[0m [DISCORD_GATEWAY] PING: 353 ms
10:11:25|[90m1754838848[0m [32mINFO [0m [90mdiscord-gateway.c:150:[0m [DISCORD_GATEWAY] [92mSEND[0m HEARTBEAT (15 bytes) [@@@_78_@@@]
10:11:25|[90m1754838848[0m [94mTRACE[0m [90mdiscord-gateway.c:1118:[0m [DISCORD_GATEWAY] [93mRCV[0m HEARTBEAT_ACK (36 bytes) [@@@_79_@@@]
10:11:25|[90m1754838848[0m [94mTRACE[0m [90mdiscord-gateway.c:1020:[0m [DISCORD_GATEWAY] PING: 366 ms
10:12:06|[90m1754838848[0m [32mINFO [0m [90mdiscord-gateway.c:150:[0m [DISCORD_GATEWAY] [92mSEND[0m HEARTBEAT (15 bytes) [@@@_80_@@@]
10:12:06|[90m1754838848[0m [94mTRACE[0m [90mdiscord-gateway.c:1118:[0m [DISCORD_GATEWAY] [93mRCV[0m HEARTBEAT_ACK (36 bytes) [@@@_81_@@@]
10:12:06|[90m1754838848[0m [94mTRACE[0m [90mdiscord-gateway.c:1020:[0m [DISCORD_GATEWAY] PING: 309 ms
10:12:47|[90m1754838848[0m [32mINFO [0m [90mdiscord-gateway.c:150:[0m [DISCORD_GATEWAY] [92mSEND[0m HEARTBEAT (15 bytes) [@@@_82_@@@]
10:12:47|[90m1754838848[0m [94mTRACE[0m [90mdiscord-gateway.c:1118:[0m [DISCORD_GATEWAY] [93mRCV[0m HEARTBEAT_ACK (36 bytes) [@@@_83_@@@]
10:12:47|[90m1754838848[0m [94mTRACE[0m [90mdiscord-gateway.c:1020:[0m [DISCORD_GATEWAY] PING: 315 ms
10:12:51|[90m1754838848[0m [94mTRACE[0m [90mdiscord-gateway.c:1118:[0m [DISCORD_GATEWAY] [93mRCV[0m DISPATCH -> MESSAGE_CREATE (964 bytes) [@@@_84_@@@]
10:12:54|[90m1754838848[0m [94mTRACE[0m [90mdiscord-gateway.c:1118:[0m [DISCORD_GATEWAY] [93mRCV[0m DISPATCH -> MESSAGE_CREATE (943 bytes) [@@@_85_@@@]
10:13:04|[90m1754838848[0m [94mTRACE[0m [90mdiscord-gateway.c:1118:[0m [DISCORD_GATEWAY] [93mRCV[0m DISPATCH -> MESSAGE_CREATE (849 bytes) [@@@_86_@@@]
10:13:11|[90m1754838848[0m [94mTRACE[0m [90mdiscord-gateway.c:1118:[0m [DISCORD_GATEWAY] [93mRCV[0m DISPATCH -> MESSAGE_CREATE (850 bytes) [@@@_87_@@@]
10:13:30|[90m1754838848[0m [94mTRACE[0m [90mdiscord-gateway.c:1118:[0m [DISCORD_GATEWAY] [93mRCV[0m DISPATCH -> MESSAGE_CREATE (1312 bytes) [@@@_88_@@@]
10:13:30|[90m1754838848[0m [32mINFO [0m [90mdiscord-gateway.c:150:[0m [DISCORD_GATEWAY] [92mSEND[0m HEARTBEAT (15 bytes) [@@@_89_@@@]
10:13:31|[90m1754838848[0m [94mTRACE[0m [90mdiscord-gateway.c:1118:[0m [DISCORD_GATEWAY] [93mRCV[0m HEARTBEAT_ACK (36 bytes) [@@@_90_@@@]
10:13:31|[90m1754838848[0m [94mTRACE[0m [90mdiscord-gateway.c:1020:[0m [DISCORD_GATEWAY] PING: 369 ms
10:14:12|[90m1754838848[0m [32mINFO [0m [90mdiscord-gateway.c:150:[0m [DISCORD_GATEWAY] [92mSEND[0m HEARTBEAT (15 bytes) [@@@_91_@@@]
10:14:12|[90m1754838848[0m [94mTRACE[0m [90mdiscord-gateway.c:1118:[0m [DISCORD_GATEWAY] [93mRCV[0m HEARTBEAT_ACK (36 bytes) [@@@_92_@@@]
10:14:12|[90m1754838848[0m [94mTRACE[0m [90mdiscord-gateway.c:1020:[0m [DISCORD_GATEWAY] PING: 312 ms
10:14:15|[90m1754838848[0m [94mTRACE[0m [90mdiscord-gateway.c:1118:[0m [DISCORD_GATEWAY] [93mRCV[0m DISPATCH -> MESSAGE_CREATE (2309 bytes) [@@@_93_@@@]
10:14:22|[90m1754838848[0m [94mTRACE[0m [90mdiscord-gateway.c:1118:[0m [DISCORD_GATEWAY] [93mRCV[0m DISPATCH -> MESSAGE_CREATE (929 bytes) [@@@_94_@@@]
10:14:27|[90m1754838848[0m [94mTRACE[0m [90mdiscord-gateway.c:1118:[0m [DISCORD_GATEWAY] [93mRCV[0m DISPATCH -> MESSAGE_CREATE (950 bytes) [@@@_95_@@@]
10:14:42|[90m1754838848[0m [94mTRACE[0m [90mdiscord-gateway.c:1118:[0m [DISCORD_GATEWAY] [93mRCV[0m DISPATCH -> MESSAGE_CREATE (885 bytes) [@@@_96_@@@]
10:14:53|[90m1754838848[0m [32mINFO [0m [90mdiscord-gateway.c:150:[0m [DISCORD_GATEWAY] [92mSEND[0m HEARTBEAT (15 bytes) [@@@_97_@@@]
10:14:53|[90m1754838848[0m [94mTRACE[0m [90mdiscord-gateway.c:1118:[0m [DISCORD_GATEWAY] [93mRCV[0m HEARTBEAT_ACK (36 bytes) [@@@_98_@@@]
10:14:53|[90m1754838848[0m [94mTRACE[0m [90mdiscord-gateway.c:1020:[0m [DISCORD_GATEWAY] PING: 307 ms
10:15:34|[90m1754838848[0m [32mINFO [0m [90mdiscord-gateway.c:150:[0m [DISCORD_GATEWAY] [92mSEND[0m HEARTBEAT (15 bytes) [@@@_99_@@@]
10:15:35|[90m1754838848[0m [94mTRACE[0m [90mdiscord-gateway.c:1118:[0m [DISCORD_GATEWAY] [93mRCV[0m HEARTBEAT_ACK (36 bytes) [@@@_100_@@@]
10:15:35|[90m1754838848[0m [94mTRACE[0m [90mdiscord-gateway.c:1020:[0m [DISCORD_GATEWAY] PING: 476 ms
10:16:15|[90m1754838848[0m [32mINFO [0m [90mdiscord-gateway.c:150:[0m [DISCORD_GATEWAY] [92mSEND[0m HEARTBEAT (15 bytes) [@@@_101_@@@]
10:16:16|[90m1754838848[0m [94mTRACE[0m [90mdiscord-gateway.c:1118:[0m [DISCORD_GATEWAY] [93mRCV[0m HEARTBEAT_ACK (36 bytes) [@@@_102_@@@]
10:16:16|[90m1754838848[0m [94mTRACE[0m [90mdiscord-gateway.c:1020:[0m [DISCORD_GATEWAY] PING: 325 ms
10:16:57|[90m1754838848[0m [32mINFO [0m [90mdiscord-gateway.c:150:[0m [DISCORD_GATEWAY] [92mSEND[0m HEARTBEAT (15 bytes) [@@@_103_@@@]
10:16:57|[90m1754838848[0m [94mTRACE[0m [90mdiscord-gateway.c:1118:[0m [DISCORD_GATEWAY] [93mRCV[0m HEARTBEAT_ACK (36 bytes) [@@@_104_@@@]
10:16:57|[90m1754838848[0m [94mTRACE[0m [90mdiscord-gateway.c:1020:[0m [DISCORD_GATEWAY] PING: 340 ms
10:17:38|[90m1754838848[0m [32mINFO [0m [90mdiscord-gateway.c:150:[0m [DISCORD_GATEWAY] [92mSEND[0m HEARTBEAT (15 bytes) [@@@_105_@@@]
10:17:38|[90m1754838848[0m [94mTRACE[0m [90mdiscord-gateway.c:1118:[0m [DISCORD_GATEWAY] [93mRCV[0m HEARTBEAT_ACK (36 bytes) [@@@_106_@@@]
10:17:38|[90m1754838848[0m [94mTRACE[0m [90mdiscord-gateway.c:1020:[0m [DISCORD_GATEWAY] PING: 357 ms
10:18:19|[90m1754838848[0m [32mINFO [0m [90mdiscord-gateway.c:150:[0m [DISCORD_GATEWAY] [92mSEND[0m HEARTBEAT (15 bytes) [@@@_107_@@@]
10:18:20|[90m1754838848[0m [94mTRACE[0m [90mdiscord-gateway.c:1118:[0m [DISCORD_GATEWAY] [93mRCV[0m HEARTBEAT_ACK (36 bytes) [@@@_108_@@@]
10:18:20|[90m1754838848[0m [94mTRACE[0m [90mdiscord-gateway.c:1020:[0m [DISCORD_GATEWAY] PING: 369 ms
10:19:00|[90m1754838848[0m [32mINFO [0m [90mdiscord-gateway.c:150:[0m [DISCORD_GATEWAY] [92mSEND[0m HEARTBEAT (15 bytes) [@@@_109_@@@]
10:19:01|[90m1754838848[0m [94mTRACE[0m [90mdiscord-gateway.c:1118:[0m [DISCORD_GATEWAY] [93mRCV[0m HEARTBEAT_ACK (36 bytes) [@@@_110_@@@]
10:19:01|[90m1754838848[0m [94mTRACE[0m [90mdiscord-gateway.c:1020:[0m [DISCORD_GATEWAY] PING: 385 ms
